This is pdfTeX, Version 3.1415926-2.5-1.40.14 (MiKTeX 2.9 64-bit) (preloaded format=latex 2015.10.27)  2 NOV 2015 11:20
entering extended mode
**HEALTHINF2016.tex

("C:\Users\Roman Mouček\Documents\GitHub\Conferences\healthinf2016\HEALTHINF20
16.tex"
LaTeX2e <2011/06/27>
Babel <v3.8m> and hyphenation patterns for english, afrikaans, ancientgreek, ar
abic, armenian, assamese, basque, bengali, bokmal, bulgarian, catalan, coptic, 
croatian, czech, danish, dutch, esperanto, estonian, farsi, finnish, french, ga
lician, german, german-x-2013-05-26, greek, gujarati, hindi, hungarian, iceland
ic, indonesian, interlingua, irish, italian, kannada, kurmanji, latin, latvian,
 lithuanian, malayalam, marathi, mongolian, mongolianlmc, monogreek, ngerman, n
german-x-2013-05-26, nynorsk, oriya, panjabi, pinyin, polish, portuguese, roman
ian, russian, sanskrit, serbian, slovak, slovenian, spanish, swedish, swissgerm
an, tamil, telugu, turkish, turkmen, ukenglish, ukrainian, uppersorbian, usengl
ishmax, welsh, loaded.
("C:\Users\Roman Mouček\Documents\GitHub\Conferences\healthinf2016\article.cls
"
Document Class: article 2000/05/19 v1.4b Standard LaTeX document class
(D:\MikTex\tex\latex\base\size10.clo
File: size10.clo 2007/10/19 v1.4h Standard LaTeX file (size option)
)
\c@part=\count79
\c@section=\count80
\c@subsection=\count81
\c@subsubsection=\count82
\c@paragraph=\count83
\c@subparagraph=\count84
\c@figure=\count85
\c@table=\count86
\abovecaptionskip=\skip41
\belowcaptionskip=\skip42
\bibindent=\dimen102
) (D:\MikTex\tex\latex\graphics\epsfig.sty
Package: epsfig 1999/02/16 v1.7a (e)psfig emulation (SPQR)
(D:\MikTex\tex\latex\graphics\graphicx.sty
Package: graphicx 1999/02/16 v1.0f Enhanced LaTeX Graphics (DPC,SPQR)

(D:\MikTex\tex\latex\graphics\keyval.sty
Package: keyval 1999/03/16 v1.13 key=value parser (DPC)
\KV@toks@=\toks14
)
(D:\MikTex\tex\latex\graphics\graphics.sty
Package: graphics 2009/02/05 v1.0o Standard LaTeX Graphics (DPC,SPQR)

(D:\MikTex\tex\latex\graphics\trig.sty
Package: trig 1999/03/16 v1.09 sin cos tan (DPC)
)
(D:\MikTex\tex\latex\00miktex\graphics.cfg
File: graphics.cfg 2007/01/18 v1.5 graphics configuration of teTeX/TeXLive
)
Package graphics Info: Driver file: dvips.def on input line 91.

(D:\MikTex\tex\latex\graphics\dvips.def
File: dvips.def 1999/02/16 v3.0i Driver-dependant file (DPC,SPQR)
))
\Gin@req@height=\dimen103
\Gin@req@width=\dimen104
)
\epsfxsize=\dimen105
\epsfysize=\dimen106
)
(D:\MikTex\tex\latex\subfigure\subfigure.sty
Package: subfigure 2002/07/30 v2.1.4 subfigure package
\subfigtopskip=\skip43
\subfigcapskip=\skip44
\subfigcaptopadj=\dimen107
\subfigbottomskip=\skip45
\subfigcapmargin=\dimen108
\subfiglabelskip=\skip46
\c@subfigure=\count87
\c@lofdepth=\count88
\c@subtable=\count89
\c@lotdepth=\count90

****************************************
* Local config file subfigure.cfg used *
****************************************
(D:\MikTex\tex\latex\subfigure\subfigure.cfg)
\subfig@top=\skip47
\subfig@bottom=\skip48
)
(D:\MikTex\tex\latex\tools\calc.sty
Package: calc 2007/08/22 v4.3 Infix arithmetic (KKT,FJ)
\calc@Acount=\count91
\calc@Bcount=\count92
\calc@Adimen=\dimen109
\calc@Bdimen=\dimen110
\calc@Askip=\skip49
\calc@Bskip=\skip50
LaTeX Info: Redefining \setlength on input line 76.
LaTeX Info: Redefining \addtolength on input line 77.
\calc@Ccount=\count93
\calc@Cskip=\skip51
) (D:\MikTex\tex\latex\amsfonts\amssymb.sty
Package: amssymb 2013/01/14 v3.01 AMS font symbols

(D:\MikTex\tex\latex\amsfonts\amsfonts.sty
Package: amsfonts 2013/01/14 v3.01 Basic AMSFonts support
\@emptytoks=\toks15
\symAMSa=\mathgroup4
\symAMSb=\mathgroup5
LaTeX Font Info:    Overwriting math alphabet `\mathfrak' in version `bold'
(Font)                  U/euf/m/n --> U/euf/b/n on input line 106.
))
(D:\MikTex\tex\latex\amsmath\amstext.sty
Package: amstext 2000/06/29 v2.01

(D:\MikTex\tex\latex\amsmath\amsgen.sty
File: amsgen.sty 1999/11/30 v2.0
\@emptytoks=\toks16
\ex@=\dimen111
))
(D:\MikTex\tex\latex\amsmath\amsmath.sty
Package: amsmath 2013/01/14 v2.14 AMS math features
\@mathmargin=\skip52

For additional information on amsmath, use the `?' option.
(D:\MikTex\tex\latex\amsmath\amsbsy.sty
Package: amsbsy 1999/11/29 v1.2d
\pmbraise@=\dimen112
)
(D:\MikTex\tex\latex\amsmath\amsopn.sty
Package: amsopn 1999/12/14 v2.01 operator names
)
\inf@bad=\count94
LaTeX Info: Redefining \frac on input line 210.
\uproot@=\count95
\leftroot@=\count96
LaTeX Info: Redefining \overline on input line 306.
\classnum@=\count97
\DOTSCASE@=\count98
LaTeX Info: Redefining \ldots on input line 378.
LaTeX Info: Redefining \dots on input line 381.
LaTeX Info: Redefining \cdots on input line 466.
\Mathstrutbox@=\box26
\strutbox@=\box27
\big@size=\dimen113
LaTeX Font Info:    Redeclaring font encoding OML on input line 566.
LaTeX Font Info:    Redeclaring font encoding OMS on input line 567.
\macc@depth=\count99
\c@MaxMatrixCols=\count100
\dotsspace@=\muskip10
\c@parentequation=\count101
\dspbrk@lvl=\count102
\tag@help=\toks17
\row@=\count103
\column@=\count104
\maxfields@=\count105
\andhelp@=\toks18
\eqnshift@=\dimen114
\alignsep@=\dimen115
\tagshift@=\dimen116
\tagwidth@=\dimen117
\totwidth@=\dimen118
\lineht@=\dimen119
\@envbody=\toks19
\multlinegap=\skip53
\multlinetaggap=\skip54
\mathdisplay@stack=\toks20
LaTeX Info: Redefining \[ on input line 2665.
LaTeX Info: Redefining \] on input line 2666.
)
(D:\MikTex\tex\latex\amscls\amsthm.sty
Package: amsthm 2004/08/06 v2.20
\thm@style=\toks21
\thm@bodyfont=\toks22
\thm@headfont=\toks23
\thm@notefont=\toks24
\thm@headpunct=\toks25
\thm@preskip=\skip55
\thm@postskip=\skip56
\thm@headsep=\skip57
\dth@everypar=\toks26
) (D:\MikTex\tex\latex\tools\multicol.sty
Package: multicol 2011/06/27 v1.7a multicolumn formatting (FMi)
\c@tracingmulticols=\count106
\mult@box=\box28
\multicol@leftmargin=\dimen120
\c@unbalance=\count107
\c@collectmore=\count108
\doublecol@number=\count109
\multicoltolerance=\count110
\multicolpretolerance=\count111
\full@width=\dimen121
\page@free=\dimen122
\premulticols=\dimen123
\postmulticols=\dimen124
\multicolsep=\skip58
\multicolbaselineskip=\skip59
\partial@page=\box29
\last@line=\box30
\mult@rightbox=\box31
\mult@grightbox=\box32
\mult@gfirstbox=\box33
\mult@firstbox=\box34
\@tempa=\box35
\@tempa=\box36
\@tempa=\box37
\@tempa=\box38
\@tempa=\box39
\@tempa=\box40
\@tempa=\box41
\@tempa=\box42
\@tempa=\box43
\@tempa=\box44
\@tempa=\box45
\@tempa=\box46
\@tempa=\box47
\@tempa=\box48
\@tempa=\box49
\@tempa=\box50
\@tempa=\box51
\c@columnbadness=\count112
\c@finalcolumnbadness=\count113
\last@try=\dimen125
\multicolovershoot=\dimen126
\multicolundershoot=\dimen127
\mult@nat@firstbox=\box52
\colbreak@box=\box53
\multicol@sort@counter=\count114
) (D:\MikTex\tex\latex\pslatex\pslatex.sty
Package: pslatex 1996/07/24 v1.2 pslatex emulation (DPC)
LaTeX Font Info:    Redeclaring symbol font `operators' on input line 65.
LaTeX Font Info:    Overwriting symbol font `operators' in version `normal'
(Font)                  OT1/cmr/m/n --> OT1/ptmcm/m/n on input line 65.
LaTeX Font Info:    Overwriting symbol font `operators' in version `bold'
(Font)                  OT1/cmr/bx/n --> OT1/ptmcm/m/n on input line 65.
LaTeX Font Info:    Redeclaring symbol font `letters' on input line 66.
LaTeX Font Info:    Overwriting symbol font `letters' in version `normal'
(Font)                  OML/cmm/m/it --> OML/ptmcm/m/it on input line 66.
LaTeX Font Info:    Overwriting symbol font `letters' in version `bold'
(Font)                  OML/cmm/b/it --> OML/ptmcm/m/it on input line 66.
LaTeX Font Info:    Redeclaring symbol font `symbols' on input line 67.
LaTeX Font Info:    Overwriting symbol font `symbols' in version `normal'
(Font)                  OMS/cmsy/m/n --> OMS/pzccm/m/n on input line 67.
LaTeX Font Info:    Overwriting symbol font `symbols' in version `bold'
(Font)                  OMS/cmsy/b/n --> OMS/pzccm/m/n on input line 67.
LaTeX Font Info:    Redeclaring symbol font `largesymbols' on input line 68.
LaTeX Font Info:    Overwriting symbol font `largesymbols' in version `normal'
(Font)                  OMX/cmex/m/n --> OMX/psycm/m/n on input line 68.
LaTeX Font Info:    Overwriting symbol font `largesymbols' in version `bold'
(Font)                  OMX/cmex/m/n --> OMX/psycm/m/n on input line 68.
\symbold=\mathgroup6
\symitalic=\mathgroup7
LaTeX Font Info:    Redeclaring math alphabet \mathbf on input line 74.
LaTeX Font Info:    Overwriting math alphabet `\mathbf' in version `normal'
(Font)                  OT1/cmr/bx/n --> OT1/ptm/bx/n on input line 74.
LaTeX Font Info:    Overwriting math alphabet `\mathbf' in version `bold'
(Font)                  OT1/cmr/bx/n --> OT1/ptm/bx/n on input line 74.
LaTeX Font Info:    Redeclaring math alphabet \mathit on input line 75.
LaTeX Font Info:    Overwriting math alphabet `\mathit' in version `normal'
(Font)                  OT1/cmr/m/it --> OT1/ptm/m/it on input line 75.
LaTeX Font Info:    Overwriting math alphabet `\mathit' in version `bold'
(Font)                  OT1/cmr/bx/it --> OT1/ptm/m/it on input line 75.
)
("C:\Users\Roman Mouček\Documents\GitHub\Conferences\healthinf2016\apalike.sty
"
\bibhang=\skip60
)
("C:\Users\Roman Mouček\Documents\GitHub\Conferences\healthinf2016\SCITEPRESS.
sty"
Conference Style for SCITEPRESS for LaTeX 2e -- version of April 2015
\titlebox=\skip61
) (D:\MikTex\tex\latex\caption\caption.sty
Package: caption 2015/09/17 v3.3-111 Customizing captions (AR)

(D:\MikTex\tex\latex\caption\caption3.sty
Package: caption3 2015/09/20 v1.7-115 caption3 kernel (AR)
Package caption3 Info: TeX engine: e-TeX on input line 57.
\captionmargin=\dimen128
\captionmargin@=\dimen129
\captionwidth=\dimen130
\caption@tempdima=\dimen131
\caption@indent=\dimen132
\caption@parindent=\dimen133
\caption@hangindent=\dimen134
)
\c@ContinuedFloat=\count115
Package caption Info: subfigure package is loaded.
)
("C:\Users\Roman Mouček\Documents\GitHub\Conferences\healthinf2016\HEALTHINF20
16.aux")
LaTeX Font Info:    Checking defaults for OML/cmm/m/it on input line 19.
LaTeX Font Info:    ... okay on input line 19.
LaTeX Font Info:    Checking defaults for T1/cmr/m/n on input line 19.
LaTeX Font Info:    ... okay on input line 19.
LaTeX Font Info:    Checking defaults for OT1/cmr/m/n on input line 19.
LaTeX Font Info:    ... okay on input line 19.
LaTeX Font Info:    Checking defaults for OMS/pzccm/m/n on input line 19.
LaTeX Font Info:    Try loading font information for OMS+pzccm on input line 19
.
 (D:\MikTex\tex\latex\psnfss\omspzccm.fd
File: omspzccm.fd 2000/01/03 Fontinst v1.801 font definitions for OMS/pzccm.
)
LaTeX Font Info:    ... okay on input line 19.
LaTeX Font Info:    Checking defaults for OMX/cmex/m/n on input line 19.
LaTeX Font Info:    ... okay on input line 19.
LaTeX Font Info:    Checking defaults for U/cmr/m/n on input line 19.
LaTeX Font Info:    ... okay on input line 19.
Package caption Info: Begin \AtBeginDocument code.
Package caption Info: End \AtBeginDocument code.
LaTeX Font Info:    Font shape `OT1/ptm/bx/n' in size <14.4> not available
(Font)              Font shape `OT1/ptm/b/n' tried instead on input line 33.
LaTeX Font Info:    Font shape `OMS/ptm/m/it' in size <9> not available
(Font)              Font shape `OMS/pzccm/m/n' tried instead on input line 33.

Underfull \hbox (badness 10000) in paragraph at lines 33--33

 []

LaTeX Font Info:    Font shape `OT1/ptm/bx/n' in size <13> not available
(Font)              Font shape `OT1/ptm/b/n' tried instead on input line 35.
LaTeX Font Info:    Font shape `OMS/ptm/m/n' in size <10> not available
(Font)              Font shape `OMS/pzccm/m/n' tried instead on input line 43.

Underfull \hbox (badness 1527) in paragraph at lines 53--54
[]\OT1/ptm/m/n/10 This sec-tion brings an overview of ex-ist-ing ap-
 []


Underfull \vbox (badness 10000) has occurred while \output is active []

 [1




]
LaTeX Font Info:    Font shape `OT1/ptm/bx/n' in size <12> not available
(Font)              Font shape `OT1/ptm/b/n' tried instead on input line 55.

Underfull \hbox (badness 1552) in paragraph at lines 57--58
[]\OT1/ptm/m/n/10 The CAR-MEN Por-tal (Wat-son and Lord, 2007)
 []


Underfull \hbox (badness 1616) in paragraph at lines 57--58
\OT1/ptm/m/n/10 (Code Anal-y-sis, Repos-i-tory & Mod-elling for e-
 []


Underfull \hbox (badness 1515) in paragraph at lines 57--58
\OT1/ptm/m/n/10 Neuroscience) de-vel-oped by the British Na-tional
 []

LaTeX Font Info:    Font shape `OT1/ptm/bx/n' in size <10> not available
(Font)              Font shape `OT1/ptm/b/n' tried instead on input line 59.

LaTeX Warning: Citation ` blankenberg2010galaxy' on page 2 undefined on input l
ine 59.


LaTeX Warning: Citation ` giardine2005galaxy' on page 2 undefined on input line
 59.


Underfull \hbox (badness 1009) in paragraph at lines 67--68
\OT1/ptm/m/n/10 Hilbert-Huang trans-form, and var-i-ous neu-ral net-
 []


Underfull \vbox (badness 10000) has occurred while \output is active []

File: scalogram.eps Graphic file (type eps)

<scalogram.eps> [2]
Underfull \hbox (badness 1502) in paragraph at lines 88--89
[][]\OT1/ptm/m/n/10 The Hilbert-Huang trans-form (HHT) was de-
 []


Underfull \hbox (badness 1024) in paragraph at lines 92--93
\OT1/ptm/m/n/10 first layer is called Re-source De-scrip-tion Frame-
 []


Underfull \hbox (badness 1348) in paragraph at lines 104--105
[][]\OT1/ptm/m/n/10 structural in-her-i-tance: in object-oriented pro-
 []

[3]
File: SignalAndAtom.eps Graphic file (type eps)
 <SignalAndAtom.eps>
LaTeX Font Info:    Try loading font information for OT1+ptmcm on input line 14
1.
 (D:\MikTex\tex\latex\psnfss\ot1ptmcm.fd
File: ot1ptmcm.fd 2000/01/03 Fontinst v1.801 font definitions for OT1/ptmcm.
)
LaTeX Font Info:    Try loading font information for OML+ptmcm on input line 14
1.

(D:\MikTex\tex\latex\psnfss\omlptmcm.fd
File: omlptmcm.fd 2000/01/03 Fontinst v1.801 font definitions for OML/ptmcm.
)
LaTeX Font Info:    Try loading font information for OMX+psycm on input line 14
1.

(D:\MikTex\tex\latex\psnfss\omxpsycm.fd
File: omxpsycm.fd 2000/01/03 Fontinst v1.801 font definitions for OMX/psycm.
)
LaTeX Font Info:    Try loading font information for U+msa on input line 141.
 (D:\MikTex\tex\latex\amsfonts\umsa.fd
File: umsa.fd 2013/01/14 v3.01 AMS symbols A
)
LaTeX Font Info:    Try loading font information for U+msb on input line 141.
(D:\MikTex\tex\latex\amsfonts\umsb.fd
File: umsb.fd 2013/01/14 v3.01 AMS symbols B
)
LaTeX Font Info:    Font shape `OT1/ptm/bx/n' in size <7.4> not available
(Font)              Font shape `OT1/ptm/b/n' tried instead on input line 141.
LaTeX Font Info:    Font shape `OT1/ptm/bx/n' in size <6> not available
(Font)              Font shape `OT1/ptm/b/n' tried instead on input line 141.

Underfull \hbox (badness 10000) in paragraph at lines 143--144
[]\OT1/ptm/m/n/10 Output pa-
 []


Underfull \hbox (badness 10000) in paragraph at lines 145--145
[][]\OT1/ptm/m/n/10 Detection of
 []


Underfull \hbox (badness 10000) in paragraph at lines 145--146
[]\OT1/ptm/m/n/10 Set of de-
 []


Underfull \hbox (badness 10000) in paragraph at lines 147--147
[][]\OT1/ptm/m/n/10 Fourier
 []


Underfull \hbox (badness 10000) in paragraph at lines 147--147
[]\OT1/ptm/m/n/10 EEG/ERP
 []


Underfull \hbox (badness 2582) in paragraph at lines 147--148
[]\OT1/ptm/m/n/10 Detected fre-
 []


Underfull \hbox (badness 10000) in paragraph at lines 149--149
[][]\OT1/ptm/m/n/10 Wavelet
 []


Underfull \hbox (badness 10000) in paragraph at lines 149--149
[]\OT1/ptm/m/n/10 EEG/ERP
 []


Underfull \hbox (badness 10000) in paragraph at lines 151--151
[][]\OT1/ptm/m/n/10 Matching
 []


Underfull \hbox (badness 10000) in paragraph at lines 151--151
[]\OT1/ptm/m/n/10 EEG/ERP
 []


Underfull \hbox (badness 10000) in paragraph at lines 151--152
[]\OT1/ptm/m/n/10 List of se-
 []


Underfull \hbox (badness 10000) in paragraph at lines 153--153
[]\OT1/ptm/m/n/10 EEG/ERP
 []


Underfull \hbox (badness 10000) in paragraph at lines 153--154
[]\OT1/ptm/m/n/10 ICA com-po-
 []


Underfull \hbox (badness 10000) in paragraph at lines 155--155
[][]\OT1/ptm/m/n/10 Hilbert-
 []


Underfull \hbox (badness 10000) in paragraph at lines 155--155
[]\OT1/ptm/m/n/10 EEG/ERP
 []


Underfull \hbox (badness 10000) in paragraph at lines 155--156
[]\OT1/ptm/m/n/10 Set of In-
 []


Underfull \hbox (badness 6641) in paragraph at lines 155--156
\OT1/ptm/m/n/10 trin-sic Mode
 []


Underfull \hbox (badness 10000) in paragraph at lines 157--157
[][]\OT1/ptm/m/n/10 Neural net-
 []


Underfull \hbox (badness 10000) in paragraph at lines 157--158
[]\OT1/ptm/m/n/10 Vector of
 []


LaTeX Warning: `h' float specifier changed to `ht'.


Underfull \hbox (badness 2351) in paragraph at lines 178--179
[][]\OT1/ptm/m/n/10 Class Com-plexFre-quency rep-re-sents com-po-si-
 []


Overfull \hbox (2.31468pt too wide) in paragraph at lines 204--204
[]\OT1/pcr/m/n/9 "http://www.semanticweb.org/eegMethods#Signal">[] 
 []

[4]
File: classTree.eps Graphic file (type eps)
 <classTree.eps>

LaTeX Warning: `!h' float specifier changed to `!ht'.


Underfull \vbox (badness 10000) has occurred while \output is active []

 [5]
("C:\Users\Roman Mouček\Documents\GitHub\Conferences\healthinf2016\HEALTHINF20
16.bbl") [6

]
("C:\Users\Roman Mouček\Documents\GitHub\Conferences\healthinf2016\HEALTHINF20
16.aux") ) 
Here is how much of TeX's memory you used:
 3188 strings out of 493922
 44963 string characters out of 3154498
 112785 words of memory out of 3000000
 6452 multiletter control sequences out of 15000+200000
 18655 words of font info for 50 fonts, out of 3000000 for 9000
 841 hyphenation exceptions out of 8191
 41i,9n,40p,1245b,288s stack positions out of 5000i,500n,10000p,200000b,50000s

Output written on HEALTHINF2016.dvi (6 pages, 39544 bytes).
